<?xml version="1.0" encoding="UTF-8"?>
<!-- Generated by org.testng.reporters.JUnitXMLReporter -->
<testsuite hostname="DESKTOP-GMDIF6L" ignored="0" name="Default test" tests="6" failures="0" timestamp="2020-05-27T16:36:59 CEST" time="12.2" errors="0">
  <testcase name="statusCodeValidation" time="0.007" classname="ApiTest.TC_2_ApiTest"/>
  <testcase name="statusLineValidation" time="0.002" classname="ApiTest.TC_2_ApiTest"/>
  <testcase name="responseBody" time="3.628" classname="ApiTest.TC_2_ApiTest"/>
  <testcase name="header" time="0.003" classname="ApiTest.TC_2_ApiTest"/>
  <testcase name="jsonAttributes" time="1.689" classname="ApiTest.TC_2_ApiTest"/>
  <testcase name="nestedJsonAttributes" time="0.195" classname="ApiTest.TC_2_ApiTest"/>
</testsuite> <!-- Default test -->
