<?xml version="1.0" encoding="UTF-8"?>
<testng-results skipped="1" failed="0" ignored="0" total="3" passed="2">
  <reporter-output>
  </reporter-output>
  <suite name="Suite" duration-ms="153714" started-at="2020-05-27T16:37:56 CEST" finished-at="2020-05-27T16:40:30 CEST">
    <groups>
    </groups>
    <test name="ChromeTest" duration-ms="14210" started-at="2020-05-27T16:37:56 CEST" finished-at="2020-05-27T16:38:11 CEST">
      <class name="GuiTest.TC_1_GuiTest">
        <test-method status="FAIL" signature="setup(java.lang.String)[pri:0, instance:GuiTest.TC_1_GuiTest@78e67e0a]" name="setup" is-config="true" duration-ms="14128" started-at="2020-05-27T16:37:56 CEST" finished-at="2020-05-27T16:38:11 CEST">
          <params>
            <param index="0">
              <value>
                <![CDATA[chrome]]>
              </value>
            </param>
          </params>
          <exception class="org.openqa.selenium.SessionNotCreatedException">
            <message>
              <![CDATA[session not created
from disconnected: not connected to DevTools
  (Session info: chrome=83.0.4103.61)
Build info: version: '3.141.59', revision: 'e82be7d358', time: '2018-11-14T08:17:03'
System info: host: 'DESKTOP-GMDIF6L', ip: '10.12.20.168', os.name: 'Windows 10', os.arch: 'amd64', os.version: '10.0', java.version: '1.8.0_241'
Driver info: driver.version: ChromeDriver
remote stacktrace: Backtrace:
Ordinal0 [0x00E79563+2725219]
Ordinal0 [0x00D78551+1672529]
Ordinal0 [0x00C60359+525145]
Ordinal0 [0x00C56D6E+486766]
Ordinal0 [0x00C57135+487733]
Ordinal0 [0x00C56B75+486261]
Ordinal0 [0x00C5D83E+514110]
Ordinal0 [0x00C56B32+486194]
Ordinal0 [0x00C57739+489273]
Ordinal0 [0x00C56EFE+487166]
Ordinal0 [0x00C57135+487733]
Ordinal0 [0x00C56B75+486261]
Ordinal0 [0x00C5BBF6+506870]
Ordinal0 [0x00C56B32+486194]
Ordinal0 [0x00C57739+489273]
Ordinal0 [0x00C56EFE+487166]
Ordinal0 [0x00C57135+487733]
Ordinal0 [0x00C56B75+486261]
Ordinal0 [0x00C5B1B7+504247]
Ordinal0 [0x00C56B32+486194]
Ordinal0 [0x00C57739+489273]
Ordinal0 [0x00C56EFE+487166]
Ordinal0 [0x00C57135+487733]
Ordinal0 [0x00C56B75+486261]
Ordinal0 [0x00C5337C+471932]
Ordinal0 [0x00C56B32+486194]
Ordinal0 [0x00C56A87+486023]
Ordinal0 [0x00C60FF0+528368]
Ordinal0 [0x00C0D6C9+186057]
Ordinal0 [0x00C0CA3D+182845]
Ordinal0 [0x00C0A94B+174411]
Ordinal0 [0x00BF2528+75048]
Ordinal0 [0x00BF35A0+79264]
Ordinal0 [0x00BF3539+79161]
Ordinal0 [0x00D8D607+1758727]
GetHandleVerifier [0x00F96546+1050150]
GetHandleVerifier [0x00F96291+1049457]
GetHandleVerifier [0x00FA10D7+1094071]
GetHandleVerifier [0x00F96B46+1051686]
Ordinal0 [0x00D85B06+1727238]
Ordinal0 [0x00D8EB7B+1764219]
Ordinal0 [0x00D8ECE3+1764579]
Ordinal0 [0x00DA4C05+1854469]
BaseThreadInitThunk [0x775A6359+25]
RtlGetAppContainerNamedObjectPath [0x776E7C24+228]
RtlGetAppContainerNamedObjectPath [0x776E7BF4+180]
]]>
            </message>
            <full-stacktrace>
              <![CDATA[org.openqa.selenium.SessionNotCreatedException: session not created
from disconnected: not connected to DevTools
  (Session info: chrome=83.0.4103.61)
Build info: version: '3.141.59', revision: 'e82be7d358', time: '2018-11-14T08:17:03'
System info: host: 'DESKTOP-GMDIF6L', ip: '10.12.20.168', os.name: 'Windows 10', os.arch: 'amd64', os.version: '10.0', java.version: '1.8.0_241'
Driver info: driver.version: ChromeDriver
remote stacktrace: Backtrace:
Ordinal0 [0x00E79563+2725219]
Ordinal0 [0x00D78551+1672529]
Ordinal0 [0x00C60359+525145]
Ordinal0 [0x00C56D6E+486766]
Ordinal0 [0x00C57135+487733]
Ordinal0 [0x00C56B75+486261]
Ordinal0 [0x00C5D83E+514110]
Ordinal0 [0x00C56B32+486194]
Ordinal0 [0x00C57739+489273]
Ordinal0 [0x00C56EFE+487166]
Ordinal0 [0x00C57135+487733]
Ordinal0 [0x00C56B75+486261]
Ordinal0 [0x00C5BBF6+506870]
Ordinal0 [0x00C56B32+486194]
Ordinal0 [0x00C57739+489273]
Ordinal0 [0x00C56EFE+487166]
Ordinal0 [0x00C57135+487733]
Ordinal0 [0x00C56B75+486261]
Ordinal0 [0x00C5B1B7+504247]
Ordinal0 [0x00C56B32+486194]
Ordinal0 [0x00C57739+489273]
Ordinal0 [0x00C56EFE+487166]
Ordinal0 [0x00C57135+487733]
Ordinal0 [0x00C56B75+486261]
Ordinal0 [0x00C5337C+471932]
Ordinal0 [0x00C56B32+486194]
Ordinal0 [0x00C56A87+486023]
Ordinal0 [0x00C60FF0+528368]
Ordinal0 [0x00C0D6C9+186057]
Ordinal0 [0x00C0CA3D+182845]
Ordinal0 [0x00C0A94B+174411]
Ordinal0 [0x00BF2528+75048]
Ordinal0 [0x00BF35A0+79264]
Ordinal0 [0x00BF3539+79161]
Ordinal0 [0x00D8D607+1758727]
GetHandleVerifier [0x00F96546+1050150]
GetHandleVerifier [0x00F96291+1049457]
GetHandleVerifier [0x00FA10D7+1094071]
GetHandleVerifier [0x00F96B46+1051686]
Ordinal0 [0x00D85B06+1727238]
Ordinal0 [0x00D8EB7B+1764219]
Ordinal0 [0x00D8ECE3+1764579]
Ordinal0 [0x00DA4C05+1854469]
BaseThreadInitThunk [0x775A6359+25]
RtlGetAppContainerNamedObjectPath [0x776E7C24+228]
RtlGetAppContainerNamedObjectPath [0x776E7BF4+180]

at sun.reflect.NativeConstructorAccessorImpl.newInstance0(Native Method)
at sun.reflect.NativeConstructorAccessorImpl.newInstance(Unknown Source)
at sun.reflect.DelegatingConstructorAccessorImpl.newInstance(Unknown Source)
at java.lang.reflect.Constructor.newInstance(Unknown Source)
at org.openqa.selenium.remote.W3CHandshakeResponse.lambda$errorHandler$0(W3CHandshakeResponse.java:62)
at org.openqa.selenium.remote.HandshakeResponse.lambda$getResponseFunction$0(HandshakeResponse.java:30)
at org.openqa.selenium.remote.ProtocolHandshake.lambda$createSession$0(ProtocolHandshake.java:126)
at java.util.stream.ReferencePipeline$3$1.accept(Unknown Source)
at java.util.Spliterators$ArraySpliterator.tryAdvance(Unknown Source)
at java.util.stream.ReferencePipeline.forEachWithCancel(Unknown Source)
at java.util.stream.AbstractPipeline.copyIntoWithCancel(Unknown Source)
at java.util.stream.AbstractPipeline.copyInto(Unknown Source)
at java.util.stream.AbstractPipeline.wrapAndCopyInto(Unknown Source)
at java.util.stream.FindOps$FindOp.evaluateSequential(Unknown Source)
at java.util.stream.AbstractPipeline.evaluate(Unknown Source)
at java.util.stream.ReferencePipeline.findFirst(Unknown Source)
at org.openqa.selenium.remote.ProtocolHandshake.createSession(ProtocolHandshake.java:128)
at org.openqa.selenium.remote.ProtocolHandshake.createSession(ProtocolHandshake.java:74)
at org.openqa.selenium.remote.HttpCommandExecutor.execute(HttpCommandExecutor.java:136)
at org.openqa.selenium.remote.service.DriverCommandExecutor.execute(DriverCommandExecutor.java:83)
at org.openqa.selenium.remote.RemoteWebDriver.execute(RemoteWebDriver.java:552)
at org.openqa.selenium.remote.RemoteWebDriver.startSession(RemoteWebDriver.java:213)
at org.openqa.selenium.remote.RemoteWebDriver.<init>(RemoteWebDriver.java:131)
at org.openqa.selenium.chrome.ChromeDriver.<init>(ChromeDriver.java:181)
at org.openqa.selenium.chrome.ChromeDriver.<init>(ChromeDriver.java:168)
at org.openqa.selenium.chrome.ChromeDriver.<init>(ChromeDriver.java:157)
at GuiTest.TC_1_GuiTest.setup(TC_1_GuiTest.java:50)
at sun.reflect.NativeMethodAccessorImpl.invoke0(Native Method)
at sun.reflect.NativeMethodAccessorImpl.invoke(Unknown Source)
at sun.reflect.DelegatingMethodAccessorImpl.invoke(Unknown Source)
at java.lang.reflect.Method.invoke(Unknown Source)
at org.testng.internal.MethodInvocationHelper.invokeMethod(MethodInvocationHelper.java:134)
at org.testng.internal.MethodInvocationHelper.invokeMethodConsideringTimeout(MethodInvocationHelper.java:63)
at org.testng.internal.ConfigInvoker.invokeConfigurationMethod(ConfigInvoker.java:348)
at org.testng.internal.ConfigInvoker.invokeConfigurations(ConfigInvoker.java:302)
at org.testng.TestRunner.invokeTestConfigurations(TestRunner.java:619)
at org.testng.TestRunner.beforeRun(TestRunner.java:609)
at org.testng.TestRunner.run(TestRunner.java:580)
at org.testng.SuiteRunner.runTest(SuiteRunner.java:384)
at org.testng.SuiteRunner.runSequentially(SuiteRunner.java:378)
at org.testng.SuiteRunner.privateRun(SuiteRunner.java:337)
at org.testng.SuiteRunner.run(SuiteRunner.java:286)
at org.testng.SuiteRunnerWorker.runSuite(SuiteRunnerWorker.java:53)
at org.testng.SuiteRunnerWorker.run(SuiteRunnerWorker.java:96)
at org.testng.TestNG.runSuitesSequentially(TestNG.java:1187)
at org.testng.TestNG.runSuitesLocally(TestNG.java:1109)
at org.testng.TestNG.runSuites(TestNG.java:1039)
at org.testng.TestNG.run(TestNG.java:1007)
at org.testng.remote.AbstractRemoteTestNG.run(AbstractRemoteTestNG.java:115)
at org.testng.remote.RemoteTestNG.initAndRun(RemoteTestNG.java:251)
at org.testng.remote.RemoteTestNG.main(RemoteTestNG.java:77)
]]>
            </full-stacktrace>
          </exception> <!-- org.openqa.selenium.SessionNotCreatedException -->
          <reporter-output>
          </reporter-output>
        </test-method> <!-- setup -->
        <test-method status="SKIP" signature="testSearch()[pri:0, instance:GuiTest.TC_1_GuiTest@78e67e0a]" name="testSearch" duration-ms="0" started-at="2020-05-27T16:38:11 CEST" finished-at="2020-05-27T16:38:11 CEST">
          <exception class="org.openqa.selenium.SessionNotCreatedException">
            <message>
              <![CDATA[session not created
from disconnected: not connected to DevTools
  (Session info: chrome=83.0.4103.61)
Build info: version: '3.141.59', revision: 'e82be7d358', time: '2018-11-14T08:17:03'
System info: host: 'DESKTOP-GMDIF6L', ip: '10.12.20.168', os.name: 'Windows 10', os.arch: 'amd64', os.version: '10.0', java.version: '1.8.0_241'
Driver info: driver.version: ChromeDriver
remote stacktrace: Backtrace:
Ordinal0 [0x00E79563+2725219]
Ordinal0 [0x00D78551+1672529]
Ordinal0 [0x00C60359+525145]
Ordinal0 [0x00C56D6E+486766]
Ordinal0 [0x00C57135+487733]
Ordinal0 [0x00C56B75+486261]
Ordinal0 [0x00C5D83E+514110]
Ordinal0 [0x00C56B32+486194]
Ordinal0 [0x00C57739+489273]
Ordinal0 [0x00C56EFE+487166]
Ordinal0 [0x00C57135+487733]
Ordinal0 [0x00C56B75+486261]
Ordinal0 [0x00C5BBF6+506870]
Ordinal0 [0x00C56B32+486194]
Ordinal0 [0x00C57739+489273]
Ordinal0 [0x00C56EFE+487166]
Ordinal0 [0x00C57135+487733]
Ordinal0 [0x00C56B75+486261]
Ordinal0 [0x00C5B1B7+504247]
Ordinal0 [0x00C56B32+486194]
Ordinal0 [0x00C57739+489273]
Ordinal0 [0x00C56EFE+487166]
Ordinal0 [0x00C57135+487733]
Ordinal0 [0x00C56B75+486261]
Ordinal0 [0x00C5337C+471932]
Ordinal0 [0x00C56B32+486194]
Ordinal0 [0x00C56A87+486023]
Ordinal0 [0x00C60FF0+528368]
Ordinal0 [0x00C0D6C9+186057]
Ordinal0 [0x00C0CA3D+182845]
Ordinal0 [0x00C0A94B+174411]
Ordinal0 [0x00BF2528+75048]
Ordinal0 [0x00BF35A0+79264]
Ordinal0 [0x00BF3539+79161]
Ordinal0 [0x00D8D607+1758727]
GetHandleVerifier [0x00F96546+1050150]
GetHandleVerifier [0x00F96291+1049457]
GetHandleVerifier [0x00FA10D7+1094071]
GetHandleVerifier [0x00F96B46+1051686]
Ordinal0 [0x00D85B06+1727238]
Ordinal0 [0x00D8EB7B+1764219]
Ordinal0 [0x00D8ECE3+1764579]
Ordinal0 [0x00DA4C05+1854469]
BaseThreadInitThunk [0x775A6359+25]
RtlGetAppContainerNamedObjectPath [0x776E7C24+228]
RtlGetAppContainerNamedObjectPath [0x776E7BF4+180]
]]>
            </message>
            <full-stacktrace>
              <![CDATA[org.openqa.selenium.SessionNotCreatedException: session not created
from disconnected: not connected to DevTools
  (Session info: chrome=83.0.4103.61)
Build info: version: '3.141.59', revision: 'e82be7d358', time: '2018-11-14T08:17:03'
System info: host: 'DESKTOP-GMDIF6L', ip: '10.12.20.168', os.name: 'Windows 10', os.arch: 'amd64', os.version: '10.0', java.version: '1.8.0_241'
Driver info: driver.version: ChromeDriver
remote stacktrace: Backtrace:
Ordinal0 [0x00E79563+2725219]
Ordinal0 [0x00D78551+1672529]
Ordinal0 [0x00C60359+525145]
Ordinal0 [0x00C56D6E+486766]
Ordinal0 [0x00C57135+487733]
Ordinal0 [0x00C56B75+486261]
Ordinal0 [0x00C5D83E+514110]
Ordinal0 [0x00C56B32+486194]
Ordinal0 [0x00C57739+489273]
Ordinal0 [0x00C56EFE+487166]
Ordinal0 [0x00C57135+487733]
Ordinal0 [0x00C56B75+486261]
Ordinal0 [0x00C5BBF6+506870]
Ordinal0 [0x00C56B32+486194]
Ordinal0 [0x00C57739+489273]
Ordinal0 [0x00C56EFE+487166]
Ordinal0 [0x00C57135+487733]
Ordinal0 [0x00C56B75+486261]
Ordinal0 [0x00C5B1B7+504247]
Ordinal0 [0x00C56B32+486194]
Ordinal0 [0x00C57739+489273]
Ordinal0 [0x00C56EFE+487166]
Ordinal0 [0x00C57135+487733]
Ordinal0 [0x00C56B75+486261]
Ordinal0 [0x00C5337C+471932]
Ordinal0 [0x00C56B32+486194]
Ordinal0 [0x00C56A87+486023]
Ordinal0 [0x00C60FF0+528368]
Ordinal0 [0x00C0D6C9+186057]
Ordinal0 [0x00C0CA3D+182845]
Ordinal0 [0x00C0A94B+174411]
Ordinal0 [0x00BF2528+75048]
Ordinal0 [0x00BF35A0+79264]
Ordinal0 [0x00BF3539+79161]
Ordinal0 [0x00D8D607+1758727]
GetHandleVerifier [0x00F96546+1050150]
GetHandleVerifier [0x00F96291+1049457]
GetHandleVerifier [0x00FA10D7+1094071]
GetHandleVerifier [0x00F96B46+1051686]
Ordinal0 [0x00D85B06+1727238]
Ordinal0 [0x00D8EB7B+1764219]
Ordinal0 [0x00D8ECE3+1764579]
Ordinal0 [0x00DA4C05+1854469]
BaseThreadInitThunk [0x775A6359+25]
RtlGetAppContainerNamedObjectPath [0x776E7C24+228]
RtlGetAppContainerNamedObjectPath [0x776E7BF4+180]

at sun.reflect.NativeConstructorAccessorImpl.newInstance0(Native Method)
at sun.reflect.NativeConstructorAccessorImpl.newInstance(Unknown Source)
at sun.reflect.DelegatingConstructorAccessorImpl.newInstance(Unknown Source)
at java.lang.reflect.Constructor.newInstance(Unknown Source)
at org.openqa.selenium.remote.W3CHandshakeResponse.lambda$errorHandler$0(W3CHandshakeResponse.java:62)
at org.openqa.selenium.remote.HandshakeResponse.lambda$getResponseFunction$0(HandshakeResponse.java:30)
at org.openqa.selenium.remote.ProtocolHandshake.lambda$createSession$0(ProtocolHandshake.java:126)
at java.util.stream.ReferencePipeline$3$1.accept(Unknown Source)
at java.util.Spliterators$ArraySpliterator.tryAdvance(Unknown Source)
at java.util.stream.ReferencePipeline.forEachWithCancel(Unknown Source)
at java.util.stream.AbstractPipeline.copyIntoWithCancel(Unknown Source)
at java.util.stream.AbstractPipeline.copyInto(Unknown Source)
at java.util.stream.AbstractPipeline.wrapAndCopyInto(Unknown Source)
at java.util.stream.FindOps$FindOp.evaluateSequential(Unknown Source)
at java.util.stream.AbstractPipeline.evaluate(Unknown Source)
at java.util.stream.ReferencePipeline.findFirst(Unknown Source)
at org.openqa.selenium.remote.ProtocolHandshake.createSession(ProtocolHandshake.java:128)
at org.openqa.selenium.remote.ProtocolHandshake.createSession(ProtocolHandshake.java:74)
at org.openqa.selenium.remote.HttpCommandExecutor.execute(HttpCommandExecutor.java:136)
at org.openqa.selenium.remote.service.DriverCommandExecutor.execute(DriverCommandExecutor.java:83)
at org.openqa.selenium.remote.RemoteWebDriver.execute(RemoteWebDriver.java:552)
at org.openqa.selenium.remote.RemoteWebDriver.startSession(RemoteWebDriver.java:213)
at org.openqa.selenium.remote.RemoteWebDriver.<init>(RemoteWebDriver.java:131)
at org.openqa.selenium.chrome.ChromeDriver.<init>(ChromeDriver.java:181)
at org.openqa.selenium.chrome.ChromeDriver.<init>(ChromeDriver.java:168)
at org.openqa.selenium.chrome.ChromeDriver.<init>(ChromeDriver.java:157)
at GuiTest.TC_1_GuiTest.setup(TC_1_GuiTest.java:50)
at sun.reflect.NativeMethodAccessorImpl.invoke0(Native Method)
at sun.reflect.NativeMethodAccessorImpl.invoke(Unknown Source)
at sun.reflect.DelegatingMethodAccessorImpl.invoke(Unknown Source)
at java.lang.reflect.Method.invoke(Unknown Source)
at org.testng.internal.MethodInvocationHelper.invokeMethod(MethodInvocationHelper.java:134)
at org.testng.internal.MethodInvocationHelper.invokeMethodConsideringTimeout(MethodInvocationHelper.java:63)
at org.testng.internal.ConfigInvoker.invokeConfigurationMethod(ConfigInvoker.java:348)
at org.testng.internal.ConfigInvoker.invokeConfigurations(ConfigInvoker.java:302)
at org.testng.TestRunner.invokeTestConfigurations(TestRunner.java:619)
at org.testng.TestRunner.beforeRun(TestRunner.java:609)
at org.testng.TestRunner.run(TestRunner.java:580)
at org.testng.SuiteRunner.runTest(SuiteRunner.java:384)
at org.testng.SuiteRunner.runSequentially(SuiteRunner.java:378)
at org.testng.SuiteRunner.privateRun(SuiteRunner.java:337)
at org.testng.SuiteRunner.run(SuiteRunner.java:286)
at org.testng.SuiteRunnerWorker.runSuite(SuiteRunnerWorker.java:53)
at org.testng.SuiteRunnerWorker.run(SuiteRunnerWorker.java:96)
at org.testng.TestNG.runSuitesSequentially(TestNG.java:1187)
at org.testng.TestNG.runSuitesLocally(TestNG.java:1109)
at org.testng.TestNG.runSuites(TestNG.java:1039)
at org.testng.TestNG.run(TestNG.java:1007)
at org.testng.remote.AbstractRemoteTestNG.run(AbstractRemoteTestNG.java:115)
at org.testng.remote.RemoteTestNG.initAndRun(RemoteTestNG.java:251)
at org.testng.remote.RemoteTestNG.main(RemoteTestNG.java:77)
]]>
            </full-stacktrace>
          </exception> <!-- org.openqa.selenium.SessionNotCreatedException -->
          <reporter-output>
          </reporter-output>
        </test-method> <!-- testSearch -->
        <test-method status="SKIP" signature="tearDown()[pri:0, instance:GuiTest.TC_1_GuiTest@78e67e0a]" name="tearDown" is-config="true" duration-ms="-1590590291125" started-at="2020-05-27T16:38:11 CEST" finished-at="1970-01-01T01:00:00 CET">
          <reporter-output>
          </reporter-output>
        </test-method> <!-- tearDown -->
      </class> <!-- GuiTest.TC_1_GuiTest -->
    </test> <!-- ChromeTest -->
    <test name="IETest" duration-ms="66996" started-at="2020-05-27T16:38:11 CEST" finished-at="2020-05-27T16:39:18 CEST">
      <class name="GuiTest.TC_1_GuiTest">
        <test-method status="PASS" signature="setup(java.lang.String)[pri:0, instance:GuiTest.TC_1_GuiTest@5bb21b69]" name="setup" is-config="true" duration-ms="42908" started-at="2020-05-27T16:38:11 CEST" finished-at="2020-05-27T16:38:54 CEST">
          <params>
            <param index="0">
              <value>
                <![CDATA[ie]]>
              </value>
            </param>
          </params>
          <reporter-output>
          </reporter-output>
        </test-method> <!-- setup -->
        <test-method status="PASS" signature="testSearch()[pri:0, instance:GuiTest.TC_1_GuiTest@5bb21b69]" name="testSearch" duration-ms="22691" started-at="2020-05-27T16:38:54 CEST" finished-at="2020-05-27T16:39:16 CEST">
          <reporter-output>
          </reporter-output>
        </test-method> <!-- testSearch -->
        <test-method status="PASS" signature="tearDown()[pri:0, instance:GuiTest.TC_1_GuiTest@5bb21b69]" name="tearDown" is-config="true" duration-ms="1383" started-at="2020-05-27T16:39:16 CEST" finished-at="2020-05-27T16:39:18 CEST">
          <reporter-output>
          </reporter-output>
        </test-method> <!-- tearDown -->
      </class> <!-- GuiTest.TC_1_GuiTest -->
    </test> <!-- IETest -->
    <test name="FireFoxTest" duration-ms="72389" started-at="2020-05-27T16:39:18 CEST" finished-at="2020-05-27T16:40:30 CEST">
      <class name="GuiTest.TC_1_GuiTest">
        <test-method status="PASS" signature="setup(java.lang.String)[pri:0, instance:GuiTest.TC_1_GuiTest@4abdb505]" name="setup" is-config="true" duration-ms="36583" started-at="2020-05-27T16:39:18 CEST" finished-at="2020-05-27T16:39:54 CEST">
          <params>
            <param index="0">
              <value>
                <![CDATA[firefox]]>
              </value>
            </param>
          </params>
          <reporter-output>
          </reporter-output>
        </test-method> <!-- setup -->
        <test-method status="PASS" signature="testSearch()[pri:0, instance:GuiTest.TC_1_GuiTest@4abdb505]" name="testSearch" duration-ms="21918" started-at="2020-05-27T16:39:54 CEST" finished-at="2020-05-27T16:40:16 CEST">
          <reporter-output>
          </reporter-output>
        </test-method> <!-- testSearch -->
        <test-method status="PASS" signature="tearDown()[pri:0, instance:GuiTest.TC_1_GuiTest@4abdb505]" name="tearDown" is-config="true" duration-ms="13884" started-at="2020-05-27T16:40:16 CEST" finished-at="2020-05-27T16:40:30 CEST">
          <reporter-output>
          </reporter-output>
        </test-method> <!-- tearDown -->
      </class> <!-- GuiTest.TC_1_GuiTest -->
    </test> <!-- FireFoxTest -->
  </suite> <!-- Suite -->
</testng-results>
